<?xml version="1.0" encoding="UTF-8"?>
<testng-results ignored="0" total="2" passed="2" failed="0" skipped="0">
  <reporter-output>
  </reporter-output>
  <suite started-at="2022-06-13T14:22:34 IST" name="Default suite" finished-at="2022-06-13T14:22:38 IST" duration-ms="4086">
    <groups>
    </groups>
    <test started-at="2022-06-13T14:22:34 IST" name="Default test" finished-at="2022-06-13T14:22:38 IST" duration-ms="4086">
      <class name="TestUser.VerifyGetMethod$VerifyPostMethod">
        <test-method signature="TestPostMethod()[pri:0, instance:TestUser.VerifyGetMethod$VerifyPostMethod@1ebd319f]" started-at="2022-06-13T14:22:34 IST" name="TestPostMethod" finished-at="2022-06-13T14:22:37 IST" duration-ms="3088" status="PASS">
          <reporter-output>
          </reporter-output>
        </test-method> <!-- TestPostMethod -->
      </class> <!-- TestUser.VerifyGetMethod$VerifyPostMethod -->
      <class name="TestUser.VerifyGetMethod">
        <test-method signature="GetTestMethod()[pri:3, instance:TestUser.VerifyGetMethod@7b02881e]" started-at="2022-06-13T14:22:37 IST" name="GetTestMethod" finished-at="2022-06-13T14:22:38 IST" duration-ms="956" status="PASS">
          <reporter-output>
          </reporter-output>
        </test-method> <!-- GetTestMethod -->
      </class> <!-- TestUser.VerifyGetMethod -->
    </test> <!-- Default test -->
  </suite> <!-- Default suite -->
</testng-results>
